<?xml version="1.0" encoding="utf-8"?>
<coverage line-rate="0.6629" branch-rate="0.7478" version="1.9" timestamp="1754937675" lines-covered="472" lines-valid="712" branches-covered="178" branches-valid="238">
  <sources>
    <source>C:\GitHub\MarkHazleton\sql2csv\</source>
  </sources>
  <packages>
    <package name="Sql2Csv.Core" line-rate="0.8905" branch-rate="0.8240000000000001" complexity="256">
      <classes>
        <class name="Sql2Csv.Core.Services.ApplicationService" filename="Sql2Csv.Core\Services\ApplicationService.cs" line-rate="0.8709" branch-rate="0.8332999999999999" complexity="18">
          <methods>
            <method name="LogExportSummary" signature="(System.Collections.Generic.IEnumerable`1&lt;Sql2Csv.Core.Models.ExportResult&gt;)" line-rate="0.7646999999999999" branch-rate="0.25" complexity="4">
              <lines>
                <line number="229" hits="2" branch="False" />
                <line number="230" hits="180" branch="False" />
                <line number="231" hits="180" branch="False" />
                <line number="232" hits="358" branch="False" />
                <line number="233" hits="180" branch="False" />
                <line number="235" hits="2" branch="False" />
                <line number="236" hits="2" branch="False" />
                <line number="237" hits="2" branch="False" />
                <line number="238" hits="2" branch="False" />
                <line number="239" hits="2" branch="False" />
                <line number="240" hits="2" branch="False" />
                <line number="242" hits="2" branch="True" condition-coverage="50% (1/2)">
                  <conditions>
                    <condition number="385" type="jump" coverage="50%" />
                  </conditions>
                </line>
                <line number="244" hits="0" branch="False" />
                <line number="245" hits="0" branch="True" condition-coverage="0% (0/2)">
                  <conditions>
                    <condition number="525" type="jump" coverage="0%" />
                  </conditions>
                </line>
                <line number="247" hits="0" branch="False" />
                <line number="248" hits="0" branch="False" />
                <line number="251" hits="2" branch="False" />
              </lines>
            </method>
            <method name=".ctor" signature="(Microsoft.Extensions.Logging.ILogger`1&lt;Sql2Csv.Core.Services.ApplicationService&gt;,Sql2Csv.Core.Interfaces.IDatabaseDiscoveryService,Sql2Csv.Core.Interfaces.IExportService,Sql2Csv.Core.Interfaces.ISchemaService,Sql2Csv.Core.Interfaces.ICodeGenerationService,Microsoft.Extensions.Options.IOptions`1&lt;Sql2Csv.Core.Configuration.Sql2CsvOptions&gt;)" line-rate="1" branch-rate="1" complexity="14">
              <lines>
                <line number="23" hits="25" branch="False" />
                <line number="24" hits="25" branch="False" />
                <line number="25" hits="25" branch="False" />
                <line number="26" hits="25" branch="False" />
                <line number="27" hits="25" branch="False" />
                <line number="28" hits="25" branch="False" />
                <line number="29" hits="25" branch="False" />
                <line number="31" hits="25" branch="True" condition-coverage="100% (2/2)">
                  <conditions>
                    <condition number="9" type="jump" coverage="100%" />
                  </conditions>
                </line>
                <line number="32" hits="24" branch="True" condition-coverage="100% (2/2)">
                  <conditions>
                    <condition number="31" type="jump" coverage="100%" />
                  </conditions>
                </line>
                <line number="33" hits="23" branch="True" condition-coverage="100% (2/2)">
                  <conditions>
                    <condition number="53" type="jump" coverage="100%" />
                  </conditions>
                </line>
                <line number="34" hits="22" branch="True" condition-coverage="100% (2/2)">
                  <conditions>
                    <condition number="76" type="jump" coverage="100%" />
                  </conditions>
                </line>
                <line number="35" hits="21" branch="True" condition-coverage="100% (2/2)">
                  <conditions>
                    <condition number="99" type="jump" coverage="100%" />
                  </conditions>
                </line>
                <line number="36" hits="20" branch="True" condition-coverage="100% (4/4)">
                  <conditions>
                    <condition number="121" type="jump" coverage="100%" />
                    <condition number="134" type="jump" coverage="100%" />
                  </conditions>
                </line>
                <line number="37" hits="19" branch="False" />
              </lines>
            </method>
          </methods>
          <lines>
            <line number="229" hits="2" branch="False" />
            <line number="230" hits="180" branch="False" />
            <line number="231" hits="180" branch="False" />
            <line number="232" hits="358" branch="False" />
            <line number="233" hits="180" branch="False" />
            <line number="235" hits="2" branch="False" />
            <line number="236" hits="2" branch="False" />
            <line number="237" hits="2" branch="False" />
            <line number="238" hits="2" branch="False" />
            <line number="239" hits="2" branch="False" />
            <line number="240" hits="2" branch="False" />
            <line number="242" hits="2" branch="True" condition-coverage="50% (1/2)">
              <conditions>
                <condition number="385" type="jump" coverage="50%" />
              </conditions>
            </line>
            <line number="244" hits="0" branch="False" />
            <line number="245" hits="0" branch="True" condition-coverage="0% (0/2)">
              <conditions>
                <condition number="525" type="jump" coverage="0%" />
              </conditions>
            </line>
            <line number="247" hits="0" branch="False" />
            <line number="248" hits="0" branch="False" />
            <line number="251" hits="2" branch="False" />
            <line number="23" hits="25" branch="False" />
            <line number="24" hits="25" branch="False" />
            <line number="25" hits="25" branch="False" />
            <line number="26" hits="25" branch="False" />
            <line number="27" hits="25" branch="False" />
            <line number="28" hits="25" branch="False" />
            <line number="29" hits="25" branch="False" />
            <line number="31" hits="25" branch="True" condition-coverage="100% (2/2)">
              <conditions>
                <condition number="9" type="jump" coverage="100%" />
              </conditions>
            </line>
            <line number="32" hits="24" branch="True" condition-coverage="100% (2/2)">
              <conditions>
                <condition number="31" type="jump" coverage="100%" />
              </conditions>
            </line>
            <line number="33" hits="23" branch="True" condition-coverage="100% (2/2)">
              <conditions>
                <condition number="53" type="jump" coverage="100%" />
              </conditions>
            </line>
            <line number="34" hits="22" branch="True" condition-coverage="100% (2/2)">
              <conditions>
                <condition number="76" type="jump" coverage="100%" />
              </conditions>
            </line>
            <line number="35" hits="21" branch="True" condition-coverage="100% (2/2)">
              <conditions>
                <condition number="99" type="jump" coverage="100%" />
              </conditions>
            </line>
            <line number="36" hits="20" branch="True" condition-coverage="100% (4/4)">
              <conditions>
                <condition number="121" type="jump" coverage="100%" />
                <condition number="134" type="jump" coverage="100%" />
              </conditions>
            </line>
            <line number="37" hits="19" branch="False" />
          </lines>
        </class>
        <class name="Sql2Csv.Core.Services.ApplicationService/&lt;ExportDatabasesAsync&gt;d__7" filename="Sql2Csv.Core\Services\ApplicationService.cs" line-rate="1" branch-rate="1" complexity="1">
          <methods>
            <method name="MoveNext" signature="()" line-rate="1" branch-rate="1" complexity="1">
              <lines>
                <line number="46" hits="5" branch="False" />
              </lines>
            </method>
          </methods>
          <lines>
            <line number="46" hits="5" branch="False" />
          </lines>
        </class>
        <class name="Sql2Csv.Core.Services.ApplicationService/&lt;ExportDatabasesAsync&gt;d__8" filename="Sql2Csv.Core\Services\ApplicationService.cs" line-rate="0.9166" branch-rate="0.75" complexity="8">
          <methods>
            <method name="MoveNext" signature="()" line-rate="0.9166" branch-rate="0.75" complexity="8">
              <lines>
                <line number="53" hits="5" branch="False" />
                <line number="54" hits="5" branch="False" />
                <line number="55" hits="5" branch="False" />
                <line number="56" hits="5" branch="True" condition-coverage="50% (1/2)">
                  <conditions>
                    <condition number="115" type="jump" coverage="50%" />
                  </conditions>
                </line>
                <line number="57" hits="0" branch="False" />
                <line number="58" hits="5" branch="True" condition-coverage="50% (1/2)">
                  <conditions>
                    <condition number="159" type="jump" coverage="50%" />
                  </conditions>
                </line>
                <line number="59" hits="0" branch="False" />
                <line number="63" hits="5" branch="False" />
                <line number="65" hits="4" branch="True" condition-coverage="100% (2/2)">
                  <conditions>
                    <condition number="323" type="jump" coverage="100%" />
                  </conditions>
                </line>
                <line number="67" hits="1" branch="False" />
                <line number="68" hits="1" branch="False" />
                <line number="71" hits="3" branch="False" />
                <line number="73" hits="129" branch="True" condition-coverage="100% (2/2)">
                  <conditions>
                    <condition number="620" type="jump" coverage="100%" />
                  </conditions>
                </line>
                <line number="75" hits="62" branch="False" />
                <line number="77" hits="61" branch="False" />
                <line number="78" hits="61" branch="False" />
                <line number="80" hits="61" branch="False" />
                <line number="81" hits="61" branch="False" />
                <line number="84" hits="2" branch="False" />
                <line number="85" hits="2" branch="False" />
                <line number="86" hits="2" branch="False" />
                <line number="88" hits="2" branch="False" />
                <line number="89" hits="2" branch="False" />
                <line number="91" hits="3" branch="False" />
              </lines>
            </method>
          </methods>
          <lines>
            <line number="53" hits="5" branch="False" />
            <line number="54" hits="5" branch="False" />
            <line number="55" hits="5" branch="False" />
            <line number="56" hits="5" branch="True" condition-coverage="50% (1/2)">
              <conditions>
                <condition number="115" type="jump" coverage="50%" />
              </conditions>
            </line>
            <line number="57" hits="0" branch="False" />
            <line number="58" hits="5" branch="True" condition-coverage="50% (1/2)">
              <conditions>
                <condition number="159" type="jump" coverage="50%" />
              </conditions>
            </line>
            <line number="59" hits="0" branch="False" />
            <line number="63" hits="5" branch="False" />
            <line number="65" hits="4" branch="True" condition-coverage="100% (2/2)">
              <conditions>
                <condition number="323" type="jump" coverage="100%" />
              </conditions>
            </line>
            <line number="67" hits="1" branch="False" />
            <line number="68" hits="1" branch="False" />
            <line number="71" hits="3" branch="False" />
            <line number="73" hits="129" branch="True" condition-coverage="100% (2/2)">
              <conditions>
                <condition number="620" type="jump" coverage="100%" />
              </conditions>
            </line>
            <line number="75" hits="62" branch="False" />
            <line number="77" hits="61" branch="False" />
            <line number="78" hits="61" branch="False" />
            <line number="80" hits="61" branch="False" />
            <line number="81" hits="61" branch="False" />
            <line number="84" hits="2" branch="False" />
            <line number="85" hits="2" branch="False" />
            <line number="86" hits="2" branch="False" />
            <line number="88" hits="2" branch="False" />
            <line number="89" hits="2" branch="False" />
            <line number="91" hits="3" branch="False" />
          </lines>
        </class>
        <class name="Sql2Csv.Core.Services.ApplicationService/&lt;ExportDatabasesAsync&gt;d__9" filename="Sql2Csv.Core\Services\ApplicationService.cs" line-rate="0" branch-rate="0" complexity="10">
          <methods>
            <method name="MoveNext" signature="()" line-rate="0" branch-rate="0" complexity="10">
              <lines>
                <line number="98" hits="0" branch="False" />
                <line number="99" hits="0" branch="False" />
                <line number="100" hits="0" branch="False" />
                <line number="101" hits="0" branch="True" condition-coverage="0% (0/2)">
                  <conditions>
                    <condition number="110" type="jump" coverage="0%" />
                  </conditions>
                </line>
                <line number="102" hits="0" branch="False" />
                <line number="103" hits="0" branch="True" condition-coverage="0% (0/2)">
                  <conditions>
                    <condition number="164" type="jump" coverage="0%" />
                  </conditions>
                </line>
                <line number="104" hits="0" branch="False" />
                <line number="105" hits="0" branch="True" condition-coverage="0% (0/2)">
                  <conditions>
                    <condition number="208" type="jump" coverage="0%" />
                  </conditions>
                </line>
                <line number="106" hits="0" branch="False" />
                <line number="110" hits="0" branch="False" />
                <line number="112" hits="0" branch="True" condition-coverage="0% (0/2)">
                  <conditions>
                    <condition number="372" type="jump" coverage="0%" />
                  </conditions>
                </line>
                <line number="114" hits="0" branch="False" />
                <line number="115" hits="0" branch="False" />
                <line number="118" hits="0" branch="False" />
                <line number="120" hits="0" branch="True" condition-coverage="0% (0/2)">
                  <conditions>
                    <condition number="675" type="jump" coverage="0%" />
                  </conditions>
                </line>
                <line number="122" hits="0" branch="False" />
                <line number="124" hits="0" branch="False" />
                <line number="125" hits="0" branch="False" />
                <line number="127" hits="0" branch="False" />
                <line number="128" hits="0" branch="False" />
                <line number="131" hits="0" branch="False" />
                <line number="132" hits="0" branch="False" />
                <line number="133" hits="0" branch="False" />
                <line number="135" hits="0" branch="False" />
                <line number="136" hits="0" branch="False" />
                <line number="138" hits="0" branch="False" />
              </lines>
            </method>
          </methods>
          <lines>
            <line number="98" hits="0" branch="False" />
            <line number="99" hits="0" branch="False" />
            <line number="100" hits="0" branch="False" />
            <line number="101" hits="0" branch="True" condition-coverage="0% (0/2)">
              <conditions>
                <condition number="110" type="jump" coverage="0%" />
              </conditions>
            </line>
            <line number="102" hits="0" branch="False" />
            <line number="103" hits="0" branch="True" condition-coverage="0% (0/2)">
              <conditions>
                <condition number="164" type="jump" coverage="0%" />
              </conditions>
            </line>
            <line number="104" hits="0" branch="False" />
            <line number="105" hits="0" branch="True" condition-coverage="0% (0/2)">
              <conditions>
                <condition number="208" type="jump" coverage="0%" />
              </conditions>
            </line>
            <line number="106" hits="0" branch="False" />
            <line number="110" hits="0" branch="False" />
            <line number="112" hits="0" branch="True" condition-coverage="0% (0/2)">
              <conditions>
                <condition number="372" type="jump" coverage="0%" />
              </conditions>
            </line>
            <line number="114" hits="0" branch="False" />
            <line number="115" hits="0" branch="False" />
            <line number="118" hits="0" branch="False" />
            <line number="120" hits="0" branch="True" condition-coverage="0% (0/2)">
              <conditions>
                <condition number="675" type="jump" coverage="0%" />
              </conditions>
            </line>
            <line number="122" hits="0" branch="False" />
            <line number="124" hits="0" branch="False" />
            <line number="125" hits="0" branch="False" />
            <line number="127" hits="0" branch="False" />
            <line number="128" hits="0" branch="False" />
            <line number="131" hits="0" branch="False" />
            <line number="132" hits="0" branch="False" />
            <line number="133" hits="0" branch="False" />
            <line number="135" hits="0" branch="False" />
            <line number="136" hits="0" branch="False" />
            <line number="138" hits="0" branch="False" />
          </lines>
        </class>
        <class name="Sql2Csv.Core.Services.ApplicationService/&lt;GenerateCodeAsync&gt;d__11" filename="Sql2Csv.Core\Services\ApplicationService.cs" line-rate="0.9523" branch-rate="0.8332999999999999" complexity="6">
          <methods>
            <method name="MoveNext" signature="()" line-rate="0.9523" branch-rate="0.8332999999999999" complexity="6">
              <lines>
                <line number="190" hits="4" branch="False" />
                <line number="191" hits="4" branch="False" />
                <line number="192" hits="4" branch="False" />
                <line number="193" hits="4" branch="False" />
                <line number="194" hits="4" branch="True" condition-coverage="50% (1/2)">
                  <conditions>
                    <condition number="141" type="jump" coverage="50%" />
                  </conditions>
                </line>
                <line number="195" hits="0" branch="False" />
                <line number="199" hits="4" branch="False" />
                <line number="201" hits="4" branch="True" condition-coverage="100% (2/2)">
                  <conditions>
                    <condition number="310" type="jump" coverage="100%" />
                  </conditions>
                </line>
                <line number="203" hits="1" branch="False" />
                <line number="204" hits="1" branch="False" />
                <line number="207" hits="129" branch="True" condition-coverage="100% (2/2)">
                  <conditions>
                    <condition number="580" type="jump" coverage="100%" />
                  </conditions>
                </line>
                <line number="209" hits="62" branch="False" />
                <line number="211" hits="62" branch="False" />
                <line number="212" hits="62" branch="False" />
                <line number="215" hits="62" branch="False" />
                <line number="218" hits="2" branch="False" />
                <line number="219" hits="2" branch="False" />
                <line number="220" hits="1" branch="False" />
                <line number="222" hits="1" branch="False" />
                <line number="223" hits="1" branch="False" />
                <line number="225" hits="3" branch="False" />
              </lines>
            </method>
          </methods>
          <lines>
            <line number="190" hits="4" branch="False" />
            <line number="191" hits="4" branch="False" />
            <line number="192" hits="4" branch="False" />
            <line number="193" hits="4" branch="False" />
            <line number="194" hits="4" branch="True" condition-coverage="50% (1/2)">
              <conditions>
                <condition number="141" type="jump" coverage="50%" />
              </conditions>
            </line>
            <line number="195" hits="0" branch="False" />
            <line number="199" hits="4" branch="False" />
            <line number="201" hits="4" branch="True" condition-coverage="100% (2/2)">
              <conditions>
                <condition number="310" type="jump" coverage="100%" />
              </conditions>
            </line>
            <line number="203" hits="1" branch="False" />
            <line number="204" hits="1" branch="False" />
            <line number="207" hits="129" branch="True" condition-coverage="100% (2/2)">
              <conditions>
                <condition number="580" type="jump" coverage="100%" />
              </conditions>
            </line>
            <line number="209" hits="62" branch="False" />
            <line number="211" hits="62" branch="False" />
            <line number="212" hits="62" branch="False" />
            <line number="215" hits="62" branch="False" />
            <line number="218" hits="2" branch="False" />
            <line number="219" hits="2" branch="False" />
            <line number="220" hits="1" branch="False" />
            <line number="222" hits="1" branch="False" />
            <line number="223" hits="1" branch="False" />
            <line number="225" hits="3" branch="False" />
          </lines>
        </class>
        <class name="Sql2Csv.Core.Services.ApplicationService/&lt;GenerateSchemaReportsAsync&gt;d__10" filename="Sql2Csv.Core\Services\ApplicationService.cs" line-rate="0.8" branch-rate="0.8332999999999999" complexity="6">
          <methods>
            <method name="MoveNext" signature="()" line-rate="0.8" branch-rate="0.8332999999999999" complexity="6">
              <lines>
                <line number="147" hits="3" branch="False" />
                <line number="148" hits="3" branch="False" />
                <line number="149" hits="3" branch="True" condition-coverage="50% (1/2)">
                  <conditions>
                    <condition number="76" type="jump" coverage="50%" />
                  </conditions>
                </line>
                <line number="150" hits="0" branch="False" />
                <line number="154" hits="3" branch="False" />
                <line number="156" hits="3" branch="True" condition-coverage="100% (2/2)">
                  <conditions>
                    <condition number="245" type="jump" coverage="100%" />
                  </conditions>
                </line>
                <line number="158" hits="1" branch="False" />
                <line number="159" hits="1" branch="False" />
                <line number="162" hits="124" branch="True" condition-coverage="100% (2/2)">
                  <conditions>
                    <condition number="606" type="jump" coverage="100%" />
                  </conditions>
                </line>
                <line number="164" hits="60" branch="False" />
                <line number="166" hits="60" branch="False" />
                <line number="168" hits="60" branch="False" />
                <line number="170" hits="60" branch="False" />
                <line number="171" hits="60" branch="False" />
                <line number="172" hits="60" branch="False" />
                <line number="173" hits="2" branch="False" />
                <line number="174" hits="0" branch="False" />
                <line number="176" hits="0" branch="False" />
                <line number="177" hits="0" branch="False" />
                <line number="179" hits="3" branch="False" />
              </lines>
            </method>
          </methods>
          <lines>
            <line number="147" hits="3" branch="False" />
            <line number="148" hits="3" branch="False" />
            <line number="149" hits="3" branch="True" condition-coverage="50% (1/2)">
              <conditions>
                <condition number="76" type="jump" coverage="50%" />
              </conditions>
            </line>
            <line number="150" hits="0" branch="False" />
            <line number="154" hits="3" branch="False" />
            <line number="156" hits="3" branch="True" condition-coverage="100% (2/2)">
              <conditions>
                <condition number="245" type="jump" coverage="100%" />
              </conditions>
            </line>
            <line number="158" hits="1" branch="False" />
            <line number="159" hits="1" branch="False" />
            <line number="162" hits="124" branch="True" condition-coverage="100% (2/2)">
              <conditions>
                <condition number="606" type="jump" coverage="100%" />
              </conditions>
            </line>
            <line number="164" hits="60" branch="False" />
            <line number="166" hits="60" branch="False" />
            <line number="168" hits="60" branch="False" />
            <line number="170" hits="60" branch="False" />
            <line number="171" hits="60" branch="False" />
            <line number="172" hits="60" branch="False" />
            <line number="173" hits="2" branch="False" />
            <line number="174" hits="0" branch="False" />
            <line number="176" hits="0" branch="False" />
            <line number="177" hits="0" branch="False" />
            <line number="179" hits="3" branch="False" />
          </lines>
        </class>
        <class name="Sql2Csv.Core.Services.CodeGenerationService" filename="Sql2Csv.Core\Services\CodeGenerationService.cs" line-rate="0.8687999999999999" branch-rate="0.74" complexity="50">
          <methods>
            <method name="GenerateDtoClass" signature="(Sql2Csv.Core.Models.TableInfo,System.String)" line-rate="1" branch-rate="1" complexity="2">
              <lines>
                <line number="77" hits="186" branch="False" />
                <line number="78" hits="186" branch="False" />
                <line number="80" hits="186" branch="False" />
                <line number="81" hits="186" branch="False" />
                <line number="82" hits="186" branch="False" />
                <line number="83" hits="186" branch="False" />
                <line number="84" hits="186" branch="False" />
                <line number="85" hits="186" branch="False" />
                <line number="86" hits="186" branch="False" />
                <line number="87" hits="186" branch="False" />
                <line number="88" hits="186" branch="False" />
                <line number="89" hits="186" branch="False" />
                <line number="91" hits="1990" branch="True" condition-coverage="100% (2/2)">
                  <conditions>
                    <condition number="477" type="jump" coverage="100%" />
                  </conditions>
                </line>
                <line number="93" hits="809" branch="False" />
                <line number="94" hits="809" branch="False" />
                <line number="96" hits="809" branch="False" />
                <line number="97" hits="809" branch="False" />
                <line number="98" hits="809" branch="False" />
                <line number="99" hits="809" branch="False" />
                <line number="100" hits="809" branch="False" />
                <line number="103" hits="186" branch="False" />
                <line number="104" hits="186" branch="False" />
                <line number="106" hits="186" branch="False" />
              </lines>
            </method>
            <method name="ConvertSqliteTypeToCSharpType" signature="(System.String,System.Boolean)" line-rate="0.625" branch-rate="0.6071" complexity="28">
              <lines>
                <line number="111" hits="809" branch="True" condition-coverage="70% (7/10)">
                  <conditions>
                    <condition number="18" type="jump" coverage="100%" />
                    <condition number="31" type="jump" coverage="100%" />
                    <condition number="44" type="jump" coverage="100%" />
                    <condition number="57" type="jump" coverage="50%" />
                    <condition number="70" type="jump" coverage="0%" />
                  </conditions>
                </line>
                <line number="112" hits="809" branch="False" />
                <line number="113" hits="315" branch="False" />
                <line number="114" hits="372" branch="False" />
                <line number="115" hits="1" branch="False" />
                <line number="116" hits="121" branch="False" />
                <line number="117" hits="0" branch="False" />
                <line number="118" hits="0" branch="True" condition-coverage="0% (0/2)">
                  <conditions>
                    <condition number="125" type="jump" coverage="0%" />
                  </conditions>
                </line>
                <line number="119" hits="0" branch="True" condition-coverage="0% (0/2)">
                  <conditions>
                    <condition number="146" type="jump" coverage="0%" />
                  </conditions>
                </line>
                <line number="120" hits="0" branch="True" condition-coverage="0% (0/2)">
                  <conditions>
                    <condition number="167" type="jump" coverage="0%" />
                  </conditions>
                </line>
                <line number="121" hits="0" branch="True" condition-coverage="0% (0/2)">
                  <conditions>
                    <condition number="188" type="jump" coverage="0%" />
                  </conditions>
                </line>
                <line number="122" hits="0" branch="False" />
                <line number="123" hits="809" branch="False" />
                <line number="126" hits="809" branch="True" condition-coverage="100% (6/6)">
                  <conditions>
                    <condition number="217" type="jump" coverage="100%" />
                    <condition number="230" type="jump" coverage="100%" />
                    <condition number="243" type="jump" coverage="100%" />
                  </conditions>
                </line>
                <line number="128" hits="373" branch="True" condition-coverage="100% (2/2)">
                  <conditions>
                    <condition number="246" type="jump" coverage="100%" />
                  </conditions>
                </line>
                <line number="132" hits="436" branch="True" condition-coverage="100% (2/2)">
                  <conditions>
                    <condition number="263" type="jump" coverage="100%" />
                  </conditions>
                </line>
              </lines>
            </method>
            <method name="ToPascalCase" signature="(System.String)" line-rate="0.8571" branch-rate="0.8332999999999999" complexity="12">
              <lines>
                <line number="137" hits="1181" branch="True" condition-coverage="50% (1/2)">
                  <conditions>
                    <condition number="6" type="jump" coverage="50%" />
                  </conditions>
                </line>
                <line number="138" hits="0" branch="False" />
                <line number="141" hits="1181" branch="True" condition-coverage="100% (2/2)">
                  <conditions>
                    <condition number="18" type="jump" coverage="100%" />
                  </conditions>
                </line>
                <line number="143" hits="4" branch="False" />
                <line number="144" hits="4" branch="False" />
                <line number="146" hits="24" branch="True" condition-coverage="100% (2/2)">
                  <conditions>
                    <condition number="121" type="jump" coverage="100%" />
                  </conditions>
                </line>
                <line number="148" hits="8" branch="True" condition-coverage="100% (2/2)">
                  <conditions>
                    <condition number="51" type="jump" coverage="100%" />
                  </conditions>
                </line>
                <line number="150" hits="8" branch="False" />
                <line number="151" hits="8" branch="True" condition-coverage="100% (2/2)">
                  <conditions>
                    <condition number="79" type="jump" coverage="100%" />
                  </conditions>
                </line>
                <line number="153" hits="8" branch="False" />
                <line number="158" hits="4" branch="False" />
                <line number="162" hits="1177" branch="True" condition-coverage="50% (1/2)">
                  <conditions>
                    <condition number="137" type="jump" coverage="50%" />
                  </conditions>
                </line>
                <line number="164" hits="1177" branch="False" />
                <line number="167" hits="0" branch="False" />
              </lines>
            </method>
            <method name=".ctor" signature="(Microsoft.Extensions.Logging.ILogger`1&lt;Sql2Csv.Core.Services.CodeGenerationService&gt;,Sql2Csv.Core.Interfaces.ISchemaService,Microsoft.Extensions.Options.IOptions`1&lt;Sql2Csv.Core.Configuration.Sql2CsvOptions&gt;)" line-rate="1" branch-rate="1" complexity="8">
              <lines>
                <line number="25" hits="23" branch="False" />
                <line number="26" hits="23" branch="False" />
                <line number="27" hits="23" branch="False" />
                <line number="28" hits="23" branch="False" />
                <line number="30" hits="23" branch="True" condition-coverage="100% (2/2)">
                  <conditions>
                    <condition number="9" type="jump" coverage="100%" />
                  </conditions>
                </line>
                <line number="31" hits="22" branch="True" condition-coverage="100% (2/2)">
                  <conditions>
                    <condition number="31" type="jump" coverage="100%" />
                  </conditions>
                </line>
                <line number="32" hits="21" branch="True" condition-coverage="100% (4/4)">
                  <conditions>
                    <condition number="52" type="jump" coverage="100%" />
                    <condition number="64" type="jump" coverage="100%" />
                  </conditions>
                </line>
                <line number="33" hits="20" branch="False" />
              </lines>
            </method>
          </methods>
          <lines>
            <line number="77" hits="186" branch="False" />
            <line number="78" hits="186" branch="False" />
            <line number="80" hits="186" branch="False" />
            <line number="81" hits="186" branch="False" />
            <line number="82" hits="186" branch="False" />
            <line number="83" hits="186" branch="False" />
            <line number="84" hits="186" branch="False" />
            <line number="85" hits="186" branch="False" />
            <line number="86" hits="186" branch="False" />
            <line number="87" hits="186" branch="False" />
            <line number="88" hits="186" branch="False" />
            <line number="89" hits="186" branch="False" />
            <line number="91" hits="1990" branch="True" condition-coverage="100% (2/2)">
              <conditions>
                <condition number="477" type="jump" coverage="100%" />
              </conditions>
            </line>
            <line number="93" hits="809" branch="False" />
            <line number="94" hits="809" branch="False" />
            <line number="96" hits="809" branch="False" />
            <line number="97" hits="809" branch="False" />
            <line number="98" hits="809" branch="False" />
            <line number="99" hits="809" branch="False" />
            <line number="100" hits="809" branch="False" />
            <line number="103" hits="186" branch="False" />
            <line number="104" hits="186" branch="False" />
            <line number="106" hits="186" branch="False" />
            <line number="111" hits="809" branch="True" condition-coverage="70% (7/10)">
              <conditions>
                <condition number="18" type="jump" coverage="100%" />
                <condition number="31" type="jump" coverage="100%" />
                <condition number="44" type="jump" coverage="100%" />
                <condition number="57" type="jump" coverage="50%" />
                <condition number="70" type="jump" coverage="0%" />
              </conditions>
            </line>
            <line number="112" hits="809" branch="False" />
            <line number="113" hits="315" branch="False" />
            <line number="114" hits="372" branch="False" />
            <line number="115" hits="1" branch="False" />
            <line number="116" hits="121" branch="False" />
            <line number="117" hits="0" branch="False" />
            <line number="118" hits="0" branch="True" condition-coverage="0% (0/2)">
              <conditions>
                <condition number="125" type="jump" coverage="0%" />
              </conditions>
            </line>
            <line number="119" hits="0" branch="True" condition-coverage="0% (0/2)">
              <conditions>
                <condition number="146" type="jump" coverage="0%" />
              </conditions>
            </line>
            <line number="120" hits="0" branch="True" condition-coverage="0% (0/2)">
              <conditions>
                <condition number="167" type="jump" coverage="0%" />
              </conditions>
            </line>
            <line number="121" hits="0" branch="True" condition-coverage="0% (0/2)">
              <conditions>
                <condition number="188" type="jump" coverage="0%" />
              </conditions>
            </line>
            <line number="122" hits="0" branch="False" />
            <line number="123" hits="809" branch="False" />
            <line number="126" hits="809" branch="True" condition-coverage="100% (6/6)">
              <conditions>
                <condition number="217" type="jump" coverage="100%" />
                <condition number="230" type="jump" coverage="100%" />
                <condition number="243" type="jump" coverage="100%" />
              </conditions>
            </line>
            <line number="128" hits="373" branch="True" condition-coverage="100% (2/2)">
              <conditions>
                <condition number="246" type="jump" coverage="100%" />
              </conditions>
            </line>
            <line number="132" hits="436" branch="True" condition-coverage="100% (2/2)">
              <conditions>
                <condition number="263" type="jump" coverage="100%" />
              </conditions>
            </line>
            <line number="137" hits="1181" branch="True" condition-coverage="50% (1/2)">
              <conditions>
                <condition number="6" type="jump" coverage="50%" />
              </conditions>
            </line>
            <line number="138" hits="0" branch="False" />
            <line number="141" hits="1181" branch="True" condition-coverage="100% (2/2)">
              <conditions>
                <condition number="18" type="jump" coverage="100%" />
              </conditions>
            </line>
            <line number="143" hits="4" branch="False" />
            <line number="144" hits="4" branch="False" />
            <line number="146" hits="24" branch="True" condition-coverage="100% (2/2)">
              <conditions>
                <condition number="121" type="jump" coverage="100%" />
              </conditions>
            </line>
            <line number="148" hits="8" branch="True" condition-coverage="100% (2/2)">
              <conditions>
                <condition number="51" type="jump" coverage="100%" />
              </conditions>
            </line>
            <line number="150" hits="8" branch="False" />
            <line number="151" hits="8" branch="True" condition-coverage="100% (2/2)">
              <conditions>
                <condition number="79" type="jump" coverage="100%" />
              </conditions>
            </line>
            <line number="153" hits="8" branch="False" />
            <line number="158" hits="4" branch="False" />
            <line number="162" hits="1177" branch="True" condition-coverage="50% (1/2)">
              <conditions>
                <condition number="137" type="jump" coverage="50%" />
              </conditions>
            </line>
            <line number="164" hits="1177" branch="False" />
            <line number="167" hits="0" branch="False" />
            <line number="25" hits="23" branch="False" />
            <line number="26" hits="23" branch="False" />
            <line number="27" hits="23" branch="False" />
            <line number="28" hits="23" branch="False" />
            <line number="30" hits="23" branch="True" condition-coverage="100% (2/2)">
              <conditions>
                <condition number="9" type="jump" coverage="100%" />
              </conditions>
            </line>
            <line number="31" hits="22" branch="True" condition-coverage="100% (2/2)">
              <conditions>
                <condition number="31" type="jump" coverage="100%" />
              </conditions>
            </line>
            <line number="32" hits="21" branch="True" condition-coverage="100% (4/4)">
              <conditions>
                <condition number="52" type="jump" coverage="100%" />
                <condition number="64" type="jump" coverage="100%" />
              </conditions>
            </line>
            <line number="33" hits="20" branch="False" />
          </lines>
        </class>
        <class name="Sql2Csv.Core.Services.CodeGenerationService/&lt;GenerateDtoClassesAsync&gt;d__4" filename="Sql2Csv.Core\Services\CodeGenerationService.cs" line-rate="1" branch-rate="1" complexity="2">
          <methods>
            <method name="MoveNext" signature="()" line-rate="1" branch-rate="1" complexity="2">
              <lines>
                <line number="42" hits="72" branch="False" />
                <line number="43" hits="70" branch="False" />
                <line number="44" hits="68" branch="False" />
                <line number="46" hits="66" branch="False" />
                <line number="50" hits="66" branch="False" />
                <line number="52" hits="66" branch="False" />
                <line number="54" hits="505" branch="True" condition-coverage="100% (2/2)">
                  <conditions>
                    <condition number="500" type="jump" coverage="100%" />
                  </conditions>
                </line>
                <line number="56" hits="187" branch="False" />
                <line number="58" hits="186" branch="False" />
                <line number="59" hits="186" branch="False" />
                <line number="60" hits="186" branch="False" />
                <line number="62" hits="186" branch="False" />
                <line number="63" hits="186" branch="False" />
                <line number="64" hits="186" branch="False" />
                <line number="66" hits="65" branch="False" />
                <line number="67" hits="65" branch="False" />
                <line number="68" hits="1" branch="False" />
                <line number="70" hits="1" branch="False" />
                <line number="71" hits="1" branch="False" />
                <line number="73" hits="65" branch="False" />
              </lines>
            </method>
          </methods>
          <lines>
            <line number="42" hits="72" branch="False" />
            <line number="43" hits="70" branch="False" />
            <line number="44" hits="68" branch="False" />
            <line number="46" hits="66" branch="False" />
            <line number="50" hits="66" branch="False" />
            <line number="52" hits="66" branch="False" />
            <line number="54" hits="505" branch="True" condition-coverage="100% (2/2)">
              <conditions>
                <condition number="500" type="jump" coverage="100%" />
              </conditions>
            </line>
            <line number="56" hits="187" branch="False" />
            <line number="58" hits="186" branch="False" />
            <line number="59" hits="186" branch="False" />
            <line number="60" hits="186" branch="False" />
            <line number="62" hits="186" branch="False" />
            <line number="63" hits="186" branch="False" />
            <line number="64" hits="186" branch="False" />
            <line number="66" hits="65" branch="False" />
            <line number="67" hits="65" branch="False" />
            <line number="68" hits="1" branch="False" />
            <line number="70" hits="1" branch="False" />
            <line number="71" hits="1" branch="False" />
            <line number="73" hits="65" branch="False" />
          </lines>
        </class>
        <class name="Sql2Csv.Core.Services.DatabaseDiscoveryService" filename="Sql2Csv.Core\Services\DatabaseDiscoveryService.cs" line-rate="1" branch-rate="1" complexity="2">
          <methods>
            <method name=".ctor" signature="(Microsoft.Extensions.Logging.ILogger`1&lt;Sql2Csv.Core.Services.DatabaseDiscoveryService&gt;)" line-rate="1" branch-rate="1" complexity="2">
              <lines>
                <line number="18" hits="18" branch="False" />
                <line number="20" hits="18" branch="True" condition-coverage="100% (2/2)">
                  <conditions>
                    <condition number="9" type="jump" coverage="100%" />
                  </conditions>
                </line>
                <line number="21" hits="17" branch="False" />
              </lines>
            </method>
          </methods>
          <lines>
            <line number="18" hits="18" branch="False" />
            <line number="20" hits="18" branch="True" condition-coverage="100% (2/2)">
              <conditions>
                <condition number="9" type="jump" coverage="100%" />
              </conditions>
            </line>
            <line number="21" hits="17" branch="False" />
          </lines>
        </class>
        <class name="Sql2Csv.Core.Services.DatabaseDiscoveryService/&lt;&gt;c__DisplayClass2_0" filename="Sql2Csv.Core\Services\DatabaseDiscoveryService.cs" line-rate="1" branch-rate="1" complexity="1">
          <methods>
            <method name="&lt;DiscoverDatabasesAsync&gt;b__0" signature="()" line-rate="1" branch-rate="1" complexity="1">
              <lines>
                <line number="41" hits="9" branch="False" />
              </lines>
            </method>
          </methods>
          <lines>
            <line number="41" hits="9" branch="False" />
          </lines>
        </class>
        <class name="Sql2Csv.Core.Services.DatabaseDiscoveryService/&lt;DiscoverDatabasesAsync&gt;d__2" filename="Sql2Csv.Core\Services\DatabaseDiscoveryService.cs" line-rate="0.8695" branch-rate="1" complexity="4">
          <methods>
            <method name="MoveNext" signature="()" line-rate="0.8695" branch-rate="1" complexity="4">
              <lines>
                <line number="28" hits="15" branch="False" />
                <line number="30" hits="12" branch="False" />
                <line number="34" hits="12" branch="True" condition-coverage="100% (2/2)">
                  <conditions>
                    <condition number="125" type="jump" coverage="100%" />
                  </conditions>
                </line>
                <line number="36" hits="2" branch="False" />
                <line number="37" hits="2" branch="False" />
                <line number="40" hits="10" branch="False" />
                <line number="42" hits="10" branch="False" />
                <line number="44" hits="9" branch="False" />
                <line number="46" hits="386" branch="True" condition-coverage="100% (2/2)">
                  <conditions>
                    <condition number="422" type="jump" coverage="100%" />
                  </conditions>
                </line>
                <line number="48" hits="184" branch="False" />
                <line number="52" hits="184" branch="False" />
                <line number="53" hits="184" branch="False" />
                <line number="54" hits="184" branch="False" />
                <line number="55" hits="184" branch="False" />
                <line number="56" hits="0" branch="False" />
                <line number="58" hits="0" branch="False" />
                <line number="59" hits="0" branch="False" />
                <line number="62" hits="9" branch="False" />
                <line number="63" hits="9" branch="False" />
                <line number="65" hits="1" branch="False" />
                <line number="67" hits="1" branch="False" />
                <line number="68" hits="1" branch="False" />
                <line number="70" hits="11" branch="False" />
              </lines>
            </method>
          </methods>
          <lines>
            <line number="28" hits="15" branch="False" />
            <line number="30" hits="12" branch="False" />
            <line number="34" hits="12" branch="True" condition-coverage="100% (2/2)">
              <conditions>
                <condition number="125" type="jump" coverage="100%" />
              </conditions>
            </line>
            <line number="36" hits="2" branch="False" />
            <line number="37" hits="2" branch="False" />
            <line number="40" hits="10" branch="False" />
            <line number="42" hits="10" branch="False" />
            <line number="44" hits="9" branch="False" />
            <line number="46" hits="386" branch="True" condition-coverage="100% (2/2)">
              <conditions>
                <condition number="422" type="jump" coverage="100%" />
              </conditions>
            </line>
            <line number="48" hits="184" branch="False" />
            <line number="52" hits="184" branch="False" />
            <line number="53" hits="184" branch="False" />
            <line number="54" hits="184" branch="False" />
            <line number="55" hits="184" branch="False" />
            <line number="56" hits="0" branch="False" />
            <line number="58" hits="0" branch="False" />
            <line number="59" hits="0" branch="False" />
            <line number="62" hits="9" branch="False" />
            <line number="63" hits="9" branch="False" />
            <line number="65" hits="1" branch="False" />
            <line number="67" hits="1" branch="False" />
            <line number="68" hits="1" branch="False" />
            <line number="70" hits="11" branch="False" />
          </lines>
        </class>
        <class name="Sql2Csv.Core.Services.ExportService" filename="Sql2Csv.Core\Services\ExportService.cs" line-rate="1" branch-rate="1" complexity="8">
          <methods>
            <method name=".ctor" signature="(Microsoft.Extensions.Logging.ILogger`1&lt;Sql2Csv.Core.Services.ExportService&gt;,Sql2Csv.Core.Interfaces.ISchemaService,Microsoft.Extensions.Options.IOptions`1&lt;Sql2Csv.Core.Configuration.Sql2CsvOptions&gt;)" line-rate="1" branch-rate="1" complexity="8">
              <lines>
                <line number="30" hits="23" branch="False" />
                <line number="31" hits="23" branch="False" />
                <line number="32" hits="23" branch="False" />
                <line number="33" hits="23" branch="False" />
                <line number="35" hits="23" branch="True" condition-coverage="100% (2/2)">
                  <conditions>
                    <condition number="9" type="jump" coverage="100%" />
                  </conditions>
                </line>
                <line number="36" hits="22" branch="True" condition-coverage="100% (2/2)">
                  <conditions>
                    <condition number="31" type="jump" coverage="100%" />
                  </conditions>
                </line>
                <line number="37" hits="21" branch="True" condition-coverage="100% (4/4)">
                  <conditions>
                    <condition number="52" type="jump" coverage="100%" />
                    <condition number="64" type="jump" coverage="100%" />
                  </conditions>
                </line>
                <line number="38" hits="20" branch="False" />
              </lines>
            </method>
          </methods>
          <lines>
            <line number="30" hits="23" branch="False" />
            <line number="31" hits="23" branch="False" />
            <line number="32" hits="23" branch="False" />
            <line number="33" hits="23" branch="False" />
            <line number="35" hits="23" branch="True" condition-coverage="100% (2/2)">
              <conditions>
                <condition number="9" type="jump" coverage="100%" />
              </conditions>
            </line>
            <line number="36" hits="22" branch="True" condition-coverage="100% (2/2)">
              <conditions>
                <condition number="31" type="jump" coverage="100%" />
              </conditions>
            </line>
            <line number="37" hits="21" branch="True" condition-coverage="100% (4/4)">
              <conditions>
                <condition number="52" type="jump" coverage="100%" />
                <condition number="64" type="jump" coverage="100%" />
              </conditions>
            </line>
            <line number="38" hits="20" branch="False" />
          </lines>
        </class>
        <class name="Sql2Csv.Core.Services.ExportService/&lt;&gt;c__DisplayClass6_0" filename="Sql2Csv.Core\Services\ExportService.cs" line-rate="1" branch-rate="1" complexity="1">
          <methods>
            <method name="&lt;ExportDatabaseToCsvAsync&gt;b__0" signature="(System.String)" line-rate="1" branch-rate="1" complexity="1">
              <lines>
                <line number="113" hits="4" branch="False" />
              </lines>
            </method>
          </methods>
          <lines>
            <line number="113" hits="4" branch="False" />
          </lines>
        </class>
        <class name="Sql2Csv.Core.Services.ExportService/&lt;ExportDatabaseToCsvAsync&gt;d__4" filename="Sql2Csv.Core\Services\ExportService.cs" line-rate="1" branch-rate="1" complexity="1">
          <methods>
            <method name="MoveNext" signature="()" line-rate="1" branch-rate="1" complexity="1">
              <lines>
                <line number="46" hits="5" branch="False" />
                <line number="47" hits="1" branch="False" />
              </lines>
            </method>
          </methods>
          <lines>
            <line number="46" hits="5" branch="False" />
            <line number="47" hits="1" branch="False" />
          </lines>
        </class>
        <class name="Sql2Csv.Core.Services.ExportService/&lt;ExportDatabaseToCsvAsync&gt;d__5" filename="Sql2Csv.Core\Services\ExportService.cs" line-rate="1" branch-rate="1" complexity="2">
          <methods>
            <method name="MoveNext" signature="()" line-rate="1" branch-rate="1" complexity="2">
              <lines>
                <line number="57" hits="64" branch="False" />
                <line number="58" hits="63" branch="False" />
                <line number="60" hits="61" branch="False" />
                <line number="64" hits="61" branch="False" />
                <line number="66" hits="61" branch="False" />
                <line number="67" hits="61" branch="False" />
                <line number="69" hits="481" branch="True" condition-coverage="100% (2/2)">
                  <conditions>
                    <condition number="459" type="jump" coverage="100%" />
                  </conditions>
                </line>
                <line number="71" hits="180" branch="False" />
                <line number="73" hits="179" branch="False" />
                <line number="74" hits="179" branch="False" />
                <line number="75" hits="179" branch="False" />
                <line number="78" hits="60" branch="False" />
                <line number="79" hits="60" branch="False" />
                <line number="81" hits="1" branch="False" />
                <line number="83" hits="1" branch="False" />
                <line number="84" hits="1" branch="False" />
                <line number="86" hits="60" branch="False" />
              </lines>
            </method>
          </methods>
          <lines>
            <line number="57" hits="64" branch="False" />
            <line number="58" hits="63" branch="False" />
            <line number="60" hits="61" branch="False" />
            <line number="64" hits="61" branch="False" />
            <line number="66" hits="61" branch="False" />
            <line number="67" hits="61" branch="False" />
            <line number="69" hits="481" branch="True" condition-coverage="100% (2/2)">
              <conditions>
                <condition number="459" type="jump" coverage="100%" />
              </conditions>
            </line>
            <line number="71" hits="180" branch="False" />
            <line number="73" hits="179" branch="False" />
            <line number="74" hits="179" branch="False" />
            <line number="75" hits="179" branch="False" />
            <line number="78" hits="60" branch="False" />
            <line number="79" hits="60" branch="False" />
            <line number="81" hits="1" branch="False" />
            <line number="83" hits="1" branch="False" />
            <line number="84" hits="1" branch="False" />
            <line number="86" hits="60" branch="False" />
          </lines>
        </class>
        <class name="Sql2Csv.Core.Services.ExportService/&lt;ExportDatabaseToCsvAsync&gt;d__6" filename="Sql2Csv.Core\Services\ExportService.cs" line-rate="0.7777" branch-rate="0.75" complexity="8">
          <methods>
            <method name="MoveNext" signature="()" line-rate="0.7777" branch-rate="0.75" complexity="8">
              <lines>
                <line number="99" hits="1" branch="False" />
                <line number="100" hits="1" branch="False" />
                <line number="102" hits="1" branch="False" />
                <line number="106" hits="1" branch="False" />
                <line number="108" hits="1" branch="False" />
                <line number="109" hits="1" branch="False" />
                <line number="110" hits="1" branch="True" condition-coverage="100% (2/2)">
                  <conditions>
                    <condition number="235" type="jump" coverage="100%" />
                  </conditions>
                </line>
                <line number="112" hits="1" branch="False" />
                <line number="115" hits="1" branch="False" />
                <line number="116" hits="1" branch="True" condition-coverage="50% (1/2)">
                  <conditions>
                    <condition number="328" type="jump" coverage="50%" />
                  </conditions>
                </line>
                <line number="118" hits="0" branch="False" />
                <line number="120" hits="1" branch="True" condition-coverage="50% (1/2)">
                  <conditions>
                    <condition number="388" type="jump" coverage="50%" />
                  </conditions>
                </line>
                <line number="122" hits="0" branch="False" />
                <line number="123" hits="0" branch="False" />
                <line number="125" hits="1" branch="False" />
                <line number="128" hits="1" branch="False" />
                <line number="129" hits="6" branch="True" condition-coverage="100% (2/2)">
                  <conditions>
                    <condition number="722" type="jump" coverage="100%" />
                  </conditions>
                </line>
                <line number="131" hits="2" branch="False" />
                <line number="132" hits="2" branch="False" />
                <line number="133" hits="2" branch="False" />
                <line number="134" hits="2" branch="False" />
                <line number="137" hits="1" branch="False" />
                <line number="138" hits="1" branch="False" />
                <line number="140" hits="0" branch="False" />
                <line number="142" hits="0" branch="False" />
                <line number="143" hits="0" branch="False" />
                <line number="145" hits="1" branch="False" />
              </lines>
            </method>
          </methods>
          <lines>
            <line number="99" hits="1" branch="False" />
            <line number="100" hits="1" branch="False" />
            <line number="102" hits="1" branch="False" />
            <line number="106" hits="1" branch="False" />
            <line number="108" hits="1" branch="False" />
            <line number="109" hits="1" branch="False" />
            <line number="110" hits="1" branch="True" condition-coverage="100% (2/2)">
              <conditions>
                <condition number="235" type="jump" coverage="100%" />
              </conditions>
            </line>
            <line number="112" hits="1" branch="False" />
            <line number="115" hits="1" branch="False" />
            <line number="116" hits="1" branch="True" condition-coverage="50% (1/2)">
              <conditions>
                <condition number="328" type="jump" coverage="50%" />
              </conditions>
            </line>
            <line number="118" hits="0" branch="False" />
            <line number="120" hits="1" branch="True" condition-coverage="50% (1/2)">
              <conditions>
                <condition number="388" type="jump" coverage="50%" />
              </conditions>
            </line>
            <line number="122" hits="0" branch="False" />
            <line number="123" hits="0" branch="False" />
            <line number="125" hits="1" branch="False" />
            <line number="128" hits="1" branch="False" />
            <line number="129" hits="6" branch="True" condition-coverage="100% (2/2)">
              <conditions>
                <condition number="722" type="jump" coverage="100%" />
              </conditions>
            </line>
            <line number="131" hits="2" branch="False" />
            <line number="132" hits="2" branch="False" />
            <line number="133" hits="2" branch="False" />
            <line number="134" hits="2" branch="False" />
            <line number="137" hits="1" branch="False" />
            <line number="138" hits="1" branch="False" />
            <line number="140" hits="0" branch="False" />
            <line number="142" hits="0" branch="False" />
            <line number="143" hits="0" branch="False" />
            <line number="145" hits="1" branch="False" />
          </lines>
        </class>
        <class name="Sql2Csv.Core.Services.ExportService/&lt;ExportTableToCsvAsync&gt;d__7" filename="Sql2Csv.Core\Services\ExportService.cs" line-rate="1" branch-rate="1" complexity="1">
          <methods>
            <method name="MoveNext" signature="()" line-rate="1" branch-rate="1" complexity="1">
              <lines>
                <line number="154" hits="7" branch="False" />
                <line number="155" hits="7" branch="False" />
              </lines>
            </method>
          </methods>
          <lines>
            <line number="154" hits="7" branch="False" />
            <line number="155" hits="7" branch="False" />
          </lines>
        </class>
        <class name="Sql2Csv.Core.Services.ExportService/&lt;ExportTableToCsvAsync&gt;d__8" filename="Sql2Csv.Core\Services\ExportService.cs" line-rate="0.9833" branch-rate="0.8611" complexity="36">
          <methods>
            <method name="MoveNext" signature="()" line-rate="0.9833" branch-rate="0.8611" complexity="36">
              <lines>
                <line number="166" hits="188" branch="False" />
                <line number="167" hits="188" branch="False" />
                <line number="168" hits="188" branch="False" />
                <line number="170" hits="188" branch="False" />
                <line number="172" hits="188" branch="False" />
                <line number="173" hits="188" branch="False" />
                <line number="177" hits="188" branch="False" />
                <line number="180" hits="188" branch="False" />
                <line number="181" hits="188" branch="True" condition-coverage="100% (2/2)">
                  <conditions>
                    <condition number="181" type="jump" coverage="100%" />
                  </conditions>
                </line>
                <line number="183" hits="188" branch="False" />
                <line number="186" hits="188" branch="True" condition-coverage="100% (2/2)">
                  <conditions>
                    <condition number="234" type="jump" coverage="100%" />
                  </conditions>
                </line>
                <line number="187" hits="187" branch="False" />
                <line number="190" hits="187" branch="True" condition-coverage="100% (2/2)">
                  <conditions>
                    <condition number="391" type="jump" coverage="100%" />
                  </conditions>
                </line>
                <line number="191" hits="187" branch="False" />
                <line number="193" hits="187" branch="True" condition-coverage="100% (2/2)">
                  <conditions>
                    <condition number="543" type="jump" coverage="100%" />
                  </conditions>
                </line>
                <line number="194" hits="184" branch="True" condition-coverage="100% (2/2)">
                  <conditions>
                    <condition number="590" type="jump" coverage="100%" />
                  </conditions>
                </line>
                <line number="195" hits="184" branch="True" condition-coverage="100% (2/2)">
                  <conditions>
                    <condition number="641" type="jump" coverage="100%" />
                  </conditions>
                </line>
                <line number="198" hits="184" branch="True" condition-coverage="50% (1/2)">
                  <conditions>
                    <condition number="654" type="jump" coverage="50%" />
                  </conditions>
                </line>
                <line number="199" hits="184" branch="True" condition-coverage="50% (1/2)">
                  <conditions>
                    <condition number="697" type="jump" coverage="50%" />
                  </conditions>
                </line>
                <line number="201" hits="184" branch="False" />
                <line number="202" hits="184" branch="False" />
                <line number="203" hits="184" branch="False" />
                <line number="204" hits="184" branch="False" />
                <line number="205" hits="184" branch="False" />
                <line number="208" hits="184" branch="True" condition-coverage="100% (2/2)">
                  <conditions>
                    <condition number="789" type="jump" coverage="100%" />
                  </conditions>
                </line>
                <line number="210" hits="1960" branch="True" condition-coverage="100% (2/2)">
                  <conditions>
                    <condition number="842" type="jump" coverage="100%" />
                  </conditions>
                </line>
                <line number="212" hits="797" branch="False" />
                <line number="214" hits="183" branch="False" />
                <line number="218" hits="806" branch="True" condition-coverage="100% (2/2)">
                  <conditions>
                    <condition number="1267" type="jump" coverage="100%" />
                  </conditions>
                </line>
                <line number="220" hits="6740" branch="True" condition-coverage="100% (2/2)">
                  <conditions>
                    <condition number="1043" type="jump" coverage="100%" />
                  </conditions>
                </line>
                <line number="222" hits="2748" branch="True" condition-coverage="50% (3/6)">
                  <conditions>
                    <condition number="966" type="jump" coverage="50%" />
                    <condition number="982" type="jump" coverage="50%" />
                    <condition number="994" type="jump" coverage="50%" />
                  </conditions>
                </line>
                <line number="223" hits="2748" branch="False" />
                <line number="225" hits="622" branch="False" />
                <line number="226" hits="622" branch="False" />
                <line number="229" hits="184" branch="False" />
                <line number="230" hits="184" branch="False" />
                <line number="232" hits="184" branch="True" condition-coverage="100% (6/6)">
                  <conditions>
                    <condition number="1469" type="jump" coverage="100%" />
                    <condition number="1679" type="jump" coverage="100%" />
                    <condition number="1941" type="jump" coverage="100%" />
                  </conditions>
                </line>
                <line number="233" hits="184" branch="False" />
                <line number="234" hits="184" branch="False" />
                <line number="235" hits="184" branch="False" />
                <line number="236" hits="184" branch="False" />
                <line number="237" hits="184" branch="False" />
                <line number="238" hits="184" branch="False" />
                <line number="239" hits="184" branch="False" />
                <line number="240" hits="184" branch="False" />
                <line number="241" hits="0" branch="False" />
                <line number="242" hits="4" branch="False" />
                <line number="244" hits="4" branch="False" />
                <line number="245" hits="4" branch="False" />
                <line number="247" hits="4" branch="False" />
                <line number="248" hits="4" branch="False" />
                <line number="249" hits="4" branch="False" />
                <line number="250" hits="4" branch="False" />
                <line number="251" hits="4" branch="False" />
                <line number="252" hits="4" branch="False" />
                <line number="253" hits="4" branch="False" />
                <line number="254" hits="4" branch="False" />
                <line number="255" hits="4" branch="False" />
                <line number="256" hits="4" branch="False" />
                <line number="258" hits="188" branch="False" />
              </lines>
            </method>
          </methods>
          <lines>
            <line number="166" hits="188" branch="False" />
            <line number="167" hits="188" branch="False" />
            <line number="168" hits="188" branch="False" />
            <line number="170" hits="188" branch="False" />
            <line number="172" hits="188" branch="False" />
            <line number="173" hits="188" branch="False" />
            <line number="177" hits="188" branch="False" />
            <line number="180" hits="188" branch="False" />
            <line number="181" hits="188" branch="True" condition-coverage="100% (2/2)">
              <conditions>
                <condition number="181" type="jump" coverage="100%" />
              </conditions>
            </line>
            <line number="183" hits="188" branch="False" />
            <line number="186" hits="188" branch="True" condition-coverage="100% (2/2)">
              <conditions>
                <condition number="234" type="jump" coverage="100%" />
              </conditions>
            </line>
            <line number="187" hits="187" branch="False" />
            <line number="190" hits="187" branch="True" condition-coverage="100% (2/2)">
              <conditions>
                <condition number="391" type="jump" coverage="100%" />
              </conditions>
            </line>
            <line number="191" hits="187" branch="False" />
            <line number="193" hits="187" branch="True" condition-coverage="100% (2/2)">
              <conditions>
                <condition number="543" type="jump" coverage="100%" />
              </conditions>
            </line>
            <line number="194" hits="184" branch="True" condition-coverage="100% (2/2)">
              <conditions>
                <condition number="590" type="jump" coverage="100%" />
              </conditions>
            </line>
            <line number="195" hits="184" branch="True" condition-coverage="100% (2/2)">
              <conditions>
                <condition number="641" type="jump" coverage="100%" />
              </conditions>
            </line>
            <line number="198" hits="184" branch="True" condition-coverage="50% (1/2)">
              <conditions>
                <condition number="654" type="jump" coverage="50%" />
              </conditions>
            </line>
            <line number="199" hits="184" branch="True" condition-coverage="50% (1/2)">
              <conditions>
                <condition number="697" type="jump" coverage="50%" />
              </conditions>
            </line>
            <line number="201" hits="184" branch="False" />
            <line number="202" hits="184" branch="False" />
            <line number="203" hits="184" branch="False" />
            <line number="204" hits="184" branch="False" />
            <line number="205" hits="184" branch="False" />
            <line number="208" hits="184" branch="True" condition-coverage="100% (2/2)">
              <conditions>
                <condition number="789" type="jump" coverage="100%" />
              </conditions>
            </line>
            <line number="210" hits="1960" branch="True" condition-coverage="100% (2/2)">
              <conditions>
                <condition number="842" type="jump" coverage="100%" />
              </conditions>
            </line>
            <line number="212" hits="797" branch="False" />
            <line number="214" hits="183" branch="False" />
            <line number="218" hits="806" branch="True" condition-coverage="100% (2/2)">
              <conditions>
                <condition number="1267" type="jump" coverage="100%" />
              </conditions>
            </line>
            <line number="220" hits="6740" branch="True" condition-coverage="100% (2/2)">
              <conditions>
                <condition number="1043" type="jump" coverage="100%" />
              </conditions>
            </line>
            <line number="222" hits="2748" branch="True" condition-coverage="50% (3/6)">
              <conditions>
                <condition number="966" type="jump" coverage="50%" />
                <condition number="982" type="jump" coverage="50%" />
                <condition number="994" type="jump" coverage="50%" />
              </conditions>
            </line>
            <line number="223" hits="2748" branch="False" />
            <line number="225" hits="622" branch="False" />
            <line number="226" hits="622" branch="False" />
            <line number="229" hits="184" branch="False" />
            <line number="230" hits="184" branch="False" />
            <line number="232" hits="184" branch="True" condition-coverage="100% (6/6)">
              <conditions>
                <condition number="1469" type="jump" coverage="100%" />
                <condition number="1679" type="jump" coverage="100%" />
                <condition number="1941" type="jump" coverage="100%" />
              </conditions>
            </line>
            <line number="233" hits="184" branch="False" />
            <line number="234" hits="184" branch="False" />
            <line number="235" hits="184" branch="False" />
            <line number="236" hits="184" branch="False" />
            <line number="237" hits="184" branch="False" />
            <line number="238" hits="184" branch="False" />
            <line number="239" hits="184" branch="False" />
            <line number="240" hits="184" branch="False" />
            <line number="241" hits="0" branch="False" />
            <line number="242" hits="4" branch="False" />
            <line number="244" hits="4" branch="False" />
            <line number="245" hits="4" branch="False" />
            <line number="247" hits="4" branch="False" />
            <line number="248" hits="4" branch="False" />
            <line number="249" hits="4" branch="False" />
            <line number="250" hits="4" branch="False" />
            <line number="251" hits="4" branch="False" />
            <line number="252" hits="4" branch="False" />
            <line number="253" hits="4" branch="False" />
            <line number="254" hits="4" branch="False" />
            <line number="255" hits="4" branch="False" />
            <line number="256" hits="4" branch="False" />
            <line number="258" hits="188" branch="False" />
          </lines>
        </class>
        <class name="Sql2Csv.Core.Services.SchemaService" filename="Sql2Csv.Core\Services\SchemaService.cs" line-rate="1" branch-rate="1" complexity="27">
          <methods>
            <method name="GenerateText" signature="(System.Collections.Generic.IEnumerable`1&lt;Sql2Csv.Core.Models.TableInfo&gt;)" line-rate="1" branch-rate="1" complexity="10">
              <lines>
                <line number="190" hits="60" branch="False" />
                <line number="191" hits="60" branch="False" />
                <line number="192" hits="60" branch="False" />
                <line number="193" hits="60" branch="False" />
                <line number="194" hits="478" branch="True" condition-coverage="100% (2/2)">
                  <conditions>
                    <condition number="424" type="jump" coverage="100%" />
                  </conditions>
                </line>
                <line number="196" hits="179" branch="False" />
                <line number="197" hits="179" branch="False" />
                <line number="198" hits="1912" branch="True" condition-coverage="100% (2/2)">
                  <conditions>
[...]
                <line number="51" hits="0" branch="False" />
                <line number="52" hits="0" branch="False" />
                <line number="53" hits="0" branch="False" />
                <line number="54" hits="0" branch="False" />
                <line number="55" hits="0" branch="False" />
                <line number="56" hits="0" branch="False" />
                <line number="57" hits="0" branch="False" />
                <line number="58" hits="0" branch="False" />
                <line number="59" hits="0" branch="False" />
                <line number="60" hits="0" branch="False" />
                <line number="61" hits="0" branch="False" />
                <line number="62" hits="0" branch="False" />
                <line number="63" hits="0" branch="False" />
                <line number="64" hits="0" branch="False" />
                <line number="65" hits="0" branch="False" />
                <line number="67" hits="0" branch="False" />
              </lines>
            </method>
            <method name="CreateExportCommand" signature="(System.IServiceProvider)" line-rate="0" branch-rate="1" complexity="1">
              <lines>
                <line number="72" hits="0" branch="False" />
                <line number="74" hits="0" branch="False" />
                <line number="75" hits="0" branch="False" />
                <line number="76" hits="0" branch="False" />
                <line number="77" hits="0" branch="False" />
                <line number="79" hits="0" branch="False" />
                <line number="80" hits="0" branch="False" />
                <line number="81" hits="0" branch="False" />
                <line number="82" hits="0" branch="False" />
                <line number="84" hits="0" branch="False" />
                <line number="85" hits="0" branch="False" />
                <line number="86" hits="0" branch="False" />
                <line number="88" hits="0" branch="False" />
                <line number="89" hits="0" branch="False" />
                <line number="90" hits="0" branch="False" />
                <line number="92" hits="0" branch="False" />
                <line number="93" hits="0" branch="False" />
                <line number="94" hits="0" branch="False" />
                <line number="96" hits="0" branch="False" />
                <line number="97" hits="0" branch="False" />
                <line number="98" hits="0" branch="False" />
                <line number="99" hits="0" branch="False" />
                <line number="100" hits="0" branch="False" />
                <line number="102" hits="0" branch="False" />
                <line number="103" hits="0" branch="False" />
                <line number="104" hits="0" branch="False" />
                <line number="105" hits="0" branch="False" />
                <line number="106" hits="0" branch="False" />
                <line number="107" hits="0" branch="False" />
                <line number="108" hits="0" branch="False" />
                <line number="109" hits="0" branch="False" />
                <line number="110" hits="0" branch="False" />
                <line number="111" hits="0" branch="False" />
                <line number="112" hits="0" branch="False" />
                <line number="113" hits="0" branch="False" />
                <line number="114" hits="0" branch="False" />
                <line number="115" hits="0" branch="False" />
                <line number="116" hits="0" branch="False" />
                <line number="117" hits="0" branch="False" />
                <line number="118" hits="0" branch="False" />
                <line number="119" hits="0" branch="False" />
                <line number="120" hits="0" branch="False" />
                <line number="121" hits="0" branch="False" />
                <line number="122" hits="0" branch="False" />
                <line number="123" hits="0" branch="False" />
                <line number="125" hits="0" branch="False" />
              </lines>
            </method>
            <method name="CreateSchemaCommand" signature="(System.IServiceProvider)" line-rate="0" branch-rate="1" complexity="1">
              <lines>
                <line number="130" hits="0" branch="False" />
                <line number="132" hits="0" branch="False" />
                <line number="133" hits="0" branch="False" />
                <line number="134" hits="0" branch="False" />
                <line number="135" hits="0" branch="False" />
                <line number="137" hits="0" branch="False" />
                <line number="138" hits="0" branch="False" />
                <line number="139" hits="0" branch="False" />
                <line number="140" hits="0" branch="False" />
                <line number="142" hits="0" branch="False" />
                <line number="143" hits="0" branch="False" />
                <line number="144" hits="0" branch="False" />
                <line number="146" hits="0" branch="False" />
                <line number="147" hits="0" branch="False" />
                <line number="148" hits="0" branch="False" />
                <line number="150" hits="0" branch="False" />
                <line number="151" hits="0" branch="False" />
                <line number="152" hits="0" branch="False" />
                <line number="153" hits="0" branch="False" />
                <line number="154" hits="0" branch="False" />
                <line number="155" hits="0" branch="False" />
                <line number="156" hits="0" branch="False" />
                <line number="158" hits="0" branch="False" />
              </lines>
            </method>
            <method name="CreateGenerateCommand" signature="(System.IServiceProvider)" line-rate="0" branch-rate="1" complexity="1">
              <lines>
                <line number="163" hits="0" branch="False" />
                <line number="165" hits="0" branch="False" />
                <line number="166" hits="0" branch="False" />
                <line number="167" hits="0" branch="False" />
                <line number="168" hits="0" branch="False" />
                <line number="170" hits="0" branch="False" />
                <line number="171" hits="0" branch="False" />
                <line number="172" hits="0" branch="False" />
                <line number="173" hits="0" branch="False" />
                <line number="175" hits="0" branch="False" />
                <line number="176" hits="0" branch="False" />
                <line number="177" hits="0" branch="False" />
                <line number="178" hits="0" branch="False" />
                <line number="180" hits="0" branch="False" />
                <line number="181" hits="0" branch="False" />
                <line number="182" hits="0" branch="False" />
                <line number="184" hits="0" branch="False" />
                <line number="185" hits="0" branch="False" />
                <line number="186" hits="0" branch="False" />
                <line number="187" hits="0" branch="False" />
                <line number="189" hits="0" branch="False" />
                <line number="190" hits="0" branch="False" />
                <line number="191" hits="0" branch="False" />
                <line number="192" hits="0" branch="False" />
                <line number="193" hits="0" branch="False" />
                <line number="194" hits="0" branch="False" />
                <line number="195" hits="0" branch="False" />
                <line number="197" hits="0" branch="False" />
              </lines>
            </method>
            <method name="GetDefaultDataPath" signature="(System.IServiceProvider)" line-rate="0" branch-rate="1" complexity="1">
              <lines>
                <line number="202" hits="0" branch="False" />
                <line number="203" hits="0" branch="False" />
                <line number="204" hits="0" branch="False" />
                <line number="205" hits="0" branch="False" />
              </lines>
            </method>
            <method name="GetDefaultExportPath" signature="(System.IServiceProvider)" line-rate="0" branch-rate="1" complexity="1">
              <lines>
                <line number="209" hits="0" branch="False" />
                <line number="210" hits="0" branch="False" />
                <line number="211" hits="0" branch="False" />
                <line number="212" hits="0" branch="False" />
              </lines>
            </method>
            <method name="GetDefaultGeneratedPath" signature="(System.IServiceProvider)" line-rate="0" branch-rate="1" complexity="1">
              <lines>
                <line number="216" hits="0" branch="False" />
                <line number="217" hits="0" branch="False" />
                <line number="218" hits="0" branch="False" />
                <line number="219" hits="0" branch="False" />
              </lines>
            </method>
            <method name="ParseTables" signature="(System.String)" line-rate="0" branch-rate="0" complexity="2">
              <lines>
                <line number="223" hits="0" branch="True" condition-coverage="0% (0/2)">
                  <conditions>
                    <condition number="6" type="jump" coverage="0%" />
                  </conditions>
                </line>
                <line number="224" hits="0" branch="False" />
                <line number="225" hits="0" branch="False" />
                <line number="226" hits="0" branch="False" />
                <line number="227" hits="0" branch="False" />
                <line number="228" hits="0" branch="False" />
                <line number="229" hits="0" branch="False" />
              </lines>
            </method>
          </methods>
          <lines>
            <line number="23" hits="0" branch="False" />
            <line number="25" hits="0" branch="False" />
            <line number="26" hits="0" branch="False" />
            <line number="27" hits="0" branch="False" />
            <line number="28" hits="0" branch="False" />
            <line number="30" hits="0" branch="False" />
            <line number="35" hits="0" branch="False" />
            <line number="37" hits="0" branch="False" />
            <line number="38" hits="0" branch="False" />
            <line number="39" hits="0" branch="False" />
            <line number="40" hits="0" branch="False" />
            <line number="42" hits="0" branch="False" />
            <line number="44" hits="0" branch="False" />
            <line number="45" hits="0" branch="False" />
            <line number="46" hits="0" branch="False" />
            <line number="47" hits="0" branch="False" />
            <line number="48" hits="0" branch="False" />
            <line number="49" hits="0" branch="False" />
            <line number="50" hits="0" branch="False" />
            <line number="51" hits="0" branch="False" />
            <line number="52" hits="0" branch="False" />
            <line number="53" hits="0" branch="False" />
            <line number="54" hits="0" branch="False" />
            <line number="55" hits="0" branch="False" />
            <line number="56" hits="0" branch="False" />
            <line number="57" hits="0" branch="False" />
            <line number="58" hits="0" branch="False" />
            <line number="59" hits="0" branch="False" />
            <line number="60" hits="0" branch="False" />
            <line number="61" hits="0" branch="False" />
            <line number="62" hits="0" branch="False" />
            <line number="63" hits="0" branch="False" />
            <line number="64" hits="0" branch="False" />
            <line number="65" hits="0" branch="False" />
            <line number="67" hits="0" branch="False" />
            <line number="72" hits="0" branch="False" />
            <line number="74" hits="0" branch="False" />
            <line number="75" hits="0" branch="False" />
            <line number="76" hits="0" branch="False" />
            <line number="77" hits="0" branch="False" />
            <line number="79" hits="0" branch="False" />
            <line number="80" hits="0" branch="False" />
            <line number="81" hits="0" branch="False" />
            <line number="82" hits="0" branch="False" />
            <line number="84" hits="0" branch="False" />
            <line number="85" hits="0" branch="False" />
            <line number="86" hits="0" branch="False" />
            <line number="88" hits="0" branch="False" />
            <line number="89" hits="0" branch="False" />
            <line number="90" hits="0" branch="False" />
            <line number="92" hits="0" branch="False" />
            <line number="93" hits="0" branch="False" />
            <line number="94" hits="0" branch="False" />
            <line number="96" hits="0" branch="False" />
            <line number="97" hits="0" branch="False" />
            <line number="98" hits="0" branch="False" />
            <line number="99" hits="0" branch="False" />
            <line number="100" hits="0" branch="False" />
            <line number="102" hits="0" branch="False" />
            <line number="103" hits="0" branch="False" />
            <line number="104" hits="0" branch="False" />
            <line number="105" hits="0" branch="False" />
            <line number="106" hits="0" branch="False" />
            <line number="107" hits="0" branch="False" />
            <line number="108" hits="0" branch="False" />
            <line number="109" hits="0" branch="False" />
            <line number="110" hits="0" branch="False" />
            <line number="111" hits="0" branch="False" />
            <line number="112" hits="0" branch="False" />
            <line number="113" hits="0" branch="False" />
            <line number="114" hits="0" branch="False" />
            <line number="115" hits="0" branch="False" />
            <line number="116" hits="0" branch="False" />
            <line number="117" hits="0" branch="False" />
            <line number="118" hits="0" branch="False" />
            <line number="119" hits="0" branch="False" />
            <line number="120" hits="0" branch="False" />
            <line number="121" hits="0" branch="False" />
            <line number="122" hits="0" branch="False" />
            <line number="123" hits="0" branch="False" />
            <line number="125" hits="0" branch="False" />
            <line number="130" hits="0" branch="False" />
            <line number="132" hits="0" branch="False" />
            <line number="133" hits="0" branch="False" />
            <line number="134" hits="0" branch="False" />
            <line number="135" hits="0" branch="False" />
            <line number="137" hits="0" branch="False" />
            <line number="138" hits="0" branch="False" />
            <line number="139" hits="0" branch="False" />
            <line number="140" hits="0" branch="False" />
            <line number="142" hits="0" branch="False" />
            <line number="143" hits="0" branch="False" />
            <line number="144" hits="0" branch="False" />
            <line number="146" hits="0" branch="False" />
            <line number="147" hits="0" branch="False" />
            <line number="148" hits="0" branch="False" />
            <line number="150" hits="0" branch="False" />
            <line number="151" hits="0" branch="False" />
            <line number="152" hits="0" branch="False" />
            <line number="153" hits="0" branch="False" />
            <line number="154" hits="0" branch="False" />
            <line number="155" hits="0" branch="False" />
            <line number="156" hits="0" branch="False" />
            <line number="158" hits="0" branch="False" />
            <line number="163" hits="0" branch="False" />
            <line number="165" hits="0" branch="False" />
            <line number="166" hits="0" branch="False" />
            <line number="167" hits="0" branch="False" />
            <line number="168" hits="0" branch="False" />
            <line number="170" hits="0" branch="False" />
            <line number="171" hits="0" branch="False" />
            <line number="172" hits="0" branch="False" />
            <line number="173" hits="0" branch="False" />
            <line number="175" hits="0" branch="False" />
            <line number="176" hits="0" branch="False" />
            <line number="177" hits="0" branch="False" />
            <line number="178" hits="0" branch="False" />
            <line number="180" hits="0" branch="False" />
            <line number="181" hits="0" branch="False" />
            <line number="182" hits="0" branch="False" />
            <line number="184" hits="0" branch="False" />
            <line number="185" hits="0" branch="False" />
            <line number="186" hits="0" branch="False" />
            <line number="187" hits="0" branch="False" />
            <line number="189" hits="0" branch="False" />
            <line number="190" hits="0" branch="False" />
            <line number="191" hits="0" branch="False" />
            <line number="192" hits="0" branch="False" />
            <line number="193" hits="0" branch="False" />
            <line number="194" hits="0" branch="False" />
            <line number="195" hits="0" branch="False" />
            <line number="197" hits="0" branch="False" />
            <line number="202" hits="0" branch="False" />
            <line number="203" hits="0" branch="False" />
            <line number="204" hits="0" branch="False" />
            <line number="205" hits="0" branch="False" />
            <line number="209" hits="0" branch="False" />
            <line number="210" hits="0" branch="False" />
            <line number="211" hits="0" branch="False" />
            <line number="212" hits="0" branch="False" />
            <line number="216" hits="0" branch="False" />
            <line number="217" hits="0" branch="False" />
            <line number="218" hits="0" branch="False" />
            <line number="219" hits="0" branch="False" />
            <line number="223" hits="0" branch="True" condition-coverage="0% (0/2)">
              <conditions>
                <condition number="6" type="jump" coverage="0%" />
              </conditions>
            </line>
            <line number="224" hits="0" branch="False" />
            <line number="225" hits="0" branch="False" />
            <line number="226" hits="0" branch="False" />
            <line number="227" hits="0" branch="False" />
            <line number="228" hits="0" branch="False" />
            <line number="229" hits="0" branch="False" />
          </lines>
        </class>
        <class name="Sql2Csv.Presentation.Commands.CommandFactory/&lt;&gt;c__DisplayClass1_0/&lt;&lt;CreateDiscoverCommand&gt;b__1&gt;d" filename="sql2csv.console\Presentation\Commands\CommandFactory.cs" line-rate="1" branch-rate="0" complexity="8">
          <methods />
          <lines />
        </class>
        <class name="Sql2Csv.Presentation.Commands.CommandFactory/&lt;&gt;c__DisplayClass2_0/&lt;&lt;CreateExportCommand&gt;b__2&gt;d" filename="sql2csv.console\Presentation\Commands\CommandFactory.cs" line-rate="1" branch-rate="0" complexity="8">
          <methods />
          <lines />
        </class>
        <class name="Sql2Csv.Presentation.Commands.CommandFactory/&lt;&gt;c__DisplayClass3_0/&lt;&lt;CreateSchemaCommand&gt;b__2&gt;d" filename="sql2csv.console\Presentation\Commands\CommandFactory.cs" line-rate="1" branch-rate="0" complexity="2">
          <methods />
          <lines />
        </class>
        <class name="Sql2Csv.Presentation.Commands.CommandFactory/&lt;&gt;c__DisplayClass4_0/&lt;&lt;CreateGenerateCommand&gt;b__3&gt;d" filename="sql2csv.console\Presentation\Commands\CommandFactory.cs" line-rate="1" branch-rate="0" complexity="2">
          <methods />
          <lines />
        </class>
      </classes>
    </package>
  </packages>
</coverage>